[2017-05-20 10:24:28] START
[2017-05-20 10:24:28] EDIT piraoke/controllers/default.py: -5
[2017-05-20 10:57:22] EDIT piraoke/controllers/default.py: 2
[2017-05-22 19:52:40] EDIT piraoke/controllers/default.py: 3
[2017-05-22 19:53:52] EDIT piraoke/controllers/default.py: 0
[2017-05-22 20:10:28] EDIT piraoke/controllers/default.py: 0
[2017-05-22 20:13:54] EDIT piraoke/controllers/default.py: 0
[2017-05-22 22:31:07] EDIT piraoke/controllers/default.py: 0
[2017-05-22 22:31:11] EDIT piraoke/controllers/default.py: 0
[2017-05-22 22:31:20] EDIT piraoke/controllers/default.py: 0
[2017-05-22 22:31:22] EDIT piraoke/controllers/default.py: 0
[2017-05-22 22:31:49] EDIT piraoke/controllers/default.py: 1
[2017-05-22 22:35:09] EDIT piraoke/controllers/default.py: 0
[2017-05-22 22:38:14] EDIT piraoke/controllers/default.py: 0
[2017-05-22 22:58:05] EDIT piraoke/controllers/default.py: 1
[2017-05-22 23:15:21] EDIT piraoke/controllers/default.py: -1
[2017-05-23 00:23:04] EDIT piraoke/controllers/default.py: 5
[2017-05-23 00:23:37] EDIT piraoke/controllers/default.py: 0
[2017-05-23 00:36:51] EDIT piraoke/controllers/default.py: 3
[2017-05-23 01:01:07] EDIT piraoke/controllers/default.py: -5
[2017-05-23 01:03:42] EDIT piraoke/controllers/default.py: -3
[2017-05-23 01:05:12] EDIT piraoke/controllers/default.py: 0
[2017-05-23 01:06:44] EDIT piraoke/controllers/default.py: 1
[2017-05-23 01:11:18] EDIT piraoke/controllers/default.py: 0
[2017-05-23 01:23:15] EDIT piraoke/controllers/default.py: -1
[2017-05-25 08:43:15] EDIT piraoke/controllers/default.py: 0
[2017-05-25 08:45:27] EDIT piraoke/views/default/player.html: 0
[2017-05-25 08:50:45] EDIT piraoke/views/default/player.html: 0
[2017-05-25 08:52:03] EDIT piraoke/controllers/default.py: 0
[2017-05-25 09:10:16] EDIT piraoke/controllers/default.py: 0
[2017-05-25 09:58:31] EDIT piraoke/controllers/default.py: 2
[2017-05-25 10:04:05] EDIT piraoke/controllers/default.py: 0
[2017-05-25 10:04:15] EDIT piraoke/controllers/default.py: 0
[2017-05-25 10:18:17] EDIT piraoke/views/default/player.html: 0
[2017-05-25 10:18:31] EDIT piraoke/controllers/default.py: 0
[2017-05-25 10:20:01] EDIT piraoke/controllers/default.py: 2
[2017-05-25 10:21:14] EDIT piraoke/controllers/default.py: 1
[2017-05-25 10:24:21] EDIT piraoke/controllers/default.py: -1
[2017-05-25 10:25:04] EDIT piraoke/controllers/default.py: 0
[2017-05-25 11:03:17] EDIT piraoke/controllers/default.py: 0
[2017-05-25 11:03:43] EDIT piraoke/controllers/default.py: 0
[2017-05-25 11:06:56] EDIT piraoke/controllers/default.py: 0
[2017-05-25 11:14:27] EDIT piraoke/controllers/default.py: 0
[2017-05-27 09:31:33] EDIT piraoke/controllers/default.py: 0
[2017-05-27 09:36:38] EDIT piraoke/controllers/default.py: 0
[2017-05-27 09:38:28] EDIT piraoke/controllers/default.py: 0
[2017-05-27 10:15:00] EDIT piraoke/controllers/default.py: 0
[2017-05-27 10:15:23] EDIT piraoke/controllers/default.py: 0
[2017-05-27 10:20:45] EDIT piraoke/controllers/default.py: 0
[2017-05-28 12:30:12] EDIT piraoke/controllers/default.py: 3
[2017-05-28 12:59:34] EDIT piraoke/controllers/default.py: 5
[2017-05-28 13:03:05] EDIT piraoke/controllers/default.py: 0
[2017-05-28 13:06:54] EDIT piraoke/controllers/default.py: 0
[2017-05-28 13:09:34] EDIT piraoke/controllers/default.py: 0
[2017-05-28 13:17:20] EDIT piraoke/controllers/default.py: 0
[2017-05-28 13:41:58] EDIT piraoke/controllers/default.py: 3
[2017-05-28 13:45:08] EDIT piraoke/controllers/default.py: 0
[2017-05-28 14:28:44] EDIT piraoke/controllers/default.py: -2
[2017-05-28 14:33:00] EDIT piraoke/controllers/default.py: 0
[2017-05-28 14:35:37] EDIT piraoke/controllers/default.py: 4
[2017-05-28 14:45:03] EDIT piraoke/controllers/default.py: 0
[2017-05-28 14:45:05] EDIT piraoke/controllers/default.py: 0
[2017-05-28 14:54:11] CREATE cancel.html: 0
[2017-05-28 14:54:51] DELETE piraoke/views/cancel.html: -3
[2017-05-28 14:55:09] CREATE default/cancel.html: 0
[2017-05-28 14:55:35] EDIT piraoke/views/default/cancel.html: -1
[2017-05-28 15:03:50] EDIT piraoke/models/db_wizard.py: 2
[2017-05-28 15:04:03] EDIT piraoke/models/db_wizard.py: -2
[2017-05-28 15:06:32] EDIT piraoke/models/db_wizard.py: 2
[2017-05-28 15:12:23] EDIT piraoke/models/db.py: 2
[2017-05-28 15:13:52] EDIT piraoke/models/db.py: -2
[2017-05-28 15:18:50] EDIT piraoke/controllers/default.py: 2
[2017-05-28 15:35:02] EDIT piraoke/controllers/default.py: 4
[2017-05-28 15:39:44] EDIT piraoke/controllers/default.py: 0
[2017-05-28 15:40:49] EDIT piraoke/controllers/default.py: 0
[2017-05-28 15:42:42] EDIT piraoke/controllers/default.py: 0
[2017-05-28 15:45:01] EDIT piraoke/controllers/default.py: 0
[2017-05-28 15:47:44] EDIT piraoke/controllers/default.py: 0
[2017-05-28 15:53:54] EDIT piraoke/controllers/default.py: 6
[2017-05-30 17:50:14] EDIT piraoke/controllers/default.py: 0
[2017-05-31 06:19:50] EDIT piraoke/controllers/default.py: 3
[2017-05-31 06:21:32] EDIT piraoke/views/default/index.html: -1
[2017-05-31 06:36:28] EDIT piraoke/views/default/index.html: 15
[2017-05-31 06:39:37] EDIT piraoke/views/default/index.html: 2
[2017-05-31 06:40:39] EDIT piraoke/views/default/index.html: 0
[2017-05-31 06:43:02] EDIT piraoke/views/default/index.html: 2
[2017-05-31 06:43:40] EDIT piraoke/views/default/index.html: 0
[2017-05-31 06:44:04] EDIT piraoke/views/default/index.html: 0
[2017-05-31 06:44:53] EDIT piraoke/views/default/index.html: 2
[2017-05-31 06:45:13] EDIT piraoke/views/default/index.html: 0
[2017-05-31 06:45:29] EDIT piraoke/views/default/index.html: 0
[2017-05-31 06:46:27] EDIT piraoke/views/default/index.html: -2
[2017-05-31 06:47:27] EDIT piraoke/views/default/index.html: 1
[2017-05-31 06:47:59] EDIT piraoke/views/default/index.html: 0
[2017-05-31 06:48:38] EDIT piraoke/views/default/index.html: -1
[2017-05-31 06:48:55] EDIT piraoke/views/default/index.html: 0
[2017-05-31 06:49:25] EDIT piraoke/views/default/index.html: 0
[2017-05-31 06:49:55] EDIT piraoke/views/default/index.html: -3
[2017-05-31 06:51:23] EDIT piraoke/views/default/index.html: 0
[2017-05-31 06:51:41] EDIT piraoke/views/default/index.html: 0
[2017-05-31 06:51:56] EDIT piraoke/views/default/index.html: 0
[2017-05-31 06:52:47] EDIT piraoke/views/default/index.html: 0
[2017-05-31 06:54:35] EDIT piraoke/views/default/index.html: 0
[2017-05-31 06:55:09] EDIT piraoke/views/default/index.html: 2
[2017-05-31 06:57:20] EDIT piraoke/views/default/index.html: 0
[2017-05-31 07:00:33] EDIT piraoke/views/default/index.html: 0
[2017-05-31 07:01:10] EDIT piraoke/views/default/index.html: 0
[2017-05-31 07:01:29] EDIT piraoke/views/default/index.html: 0
[2017-05-31 07:02:11] EDIT piraoke/views/default/index.html: 0
[2017-05-31 07:03:22] EDIT piraoke/views/default/index.html: 0
[2017-05-31 07:03:32] EDIT piraoke/views/default/index.html: 0
[2017-05-31 07:04:00] EDIT piraoke/views/default/index.html: 0
[2017-05-31 07:04:08] EDIT piraoke/views/default/index.html: 0
[2017-05-31 07:04:17] EDIT piraoke/views/default/index.html: 0
[2017-05-31 07:05:30] EDIT piraoke/views/default/index.html: 2
[2017-05-31 07:07:17] EDIT piraoke/views/default/index.html: 0
[2017-05-31 07:07:35] EDIT piraoke/views/default/index.html: 0
[2017-05-31 07:15:04] EDIT piraoke/views/default/index.html: 0
[2017-05-31 07:16:43] EDIT piraoke/views/default/index.html: 0
[2017-05-31 07:18:35] EDIT piraoke/views/default/index.html: 0
[2017-05-31 07:19:39] EDIT piraoke/views/default/index.html: 0
[2017-05-31 07:20:22] EDIT piraoke/views/default/index.html: 0
[2017-05-31 07:20:50] EDIT piraoke/views/default/index.html: 0
[2017-05-31 07:21:14] EDIT piraoke/views/default/index.html: 0
[2017-05-31 07:22:22] EDIT piraoke/views/default/index.html: 2
[2017-05-31 07:22:52] EDIT piraoke/views/default/index.html: 0
[2017-05-31 07:23:03] EDIT piraoke/views/default/index.html: 0
[2017-05-31 07:23:21] EDIT piraoke/views/default/index.html: 0
[2017-05-31 07:23:40] EDIT piraoke/views/default/index.html: 0
[2017-05-31 07:25:15] EDIT piraoke/views/default/index.html: 0
[2017-05-31 07:26:04] EDIT piraoke/views/default/index.html: 0
[2017-05-31 07:26:20] EDIT piraoke/views/default/index.html: 0
