timestamp: 2017-05-20T10:20:40.137077
CREATE TABLE auth_user(
    id INTEGER PRIMARY KEY AUTOINCREMENT,
    first_name CHAR(128),
    last_name CHAR(128),
    email CHAR(512),
    password CHAR(512),
    registration_key CHAR(512),
    reset_password_key CHAR(512),
    registration_id CHAR(512)
);
success!
timestamp: 2017-05-20T10:20:40.319453
CREATE TABLE auth_group(
    id INTEGER PRIMARY KEY AUTOINCREMENT,
    role CHAR(512),
    description TEXT
);
success!
timestamp: 2017-05-20T10:20:40.508114
CREATE TABLE auth_membership(
    id INTEGER PRIMARY KEY AUTOINCREMENT,
    user_id INTEGER REFERENCES auth_user (id) ON DELETE CASCADE  ,
    group_id INTEGER REFERENCES auth_group (id) ON DELETE CASCADE  
);
success!
timestamp: 2017-05-20T10:20:40.738673
CREATE TABLE auth_permission(
    id INTEGER PRIMARY KEY AUTOINCREMENT,
    group_id INTEGER REFERENCES auth_group (id) ON DELETE CASCADE  ,
    name CHAR(512),
    table_name CHAR(512),
    record_id INTEGER
);
success!
timestamp: 2017-05-20T10:20:40.971991
CREATE TABLE auth_event(
    id INTEGER PRIMARY KEY AUTOINCREMENT,
    time_stamp TIMESTAMP,
    client_ip CHAR(512),
    user_id INTEGER REFERENCES auth_user (id) ON DELETE CASCADE  ,
    origin CHAR(512),
    description TEXT
);
success!
timestamp: 2017-05-20T10:20:41.217428
CREATE TABLE auth_cas(
    id INTEGER PRIMARY KEY AUTOINCREMENT,
    user_id INTEGER REFERENCES auth_user (id) ON DELETE CASCADE  ,
    created_on TIMESTAMP,
    service CHAR(512),
    ticket CHAR(512),
    renew CHAR(1)
);
success!
timestamp: 2017-05-20T10:20:41.682445
CREATE TABLE t_videos(
    id INTEGER PRIMARY KEY AUTOINCREMENT,
    f_title CHAR(512),
    f_url CHAR(512),
    f_youtube_url CHAR(512),
    f_length CHAR(512),
    f_display_image_url CHAR(512),
    f_artist CHAR(512),
    f_last_viewed CHAR(512),
    f_active CHAR(512),
    f_times_played CHAR(512),
    f_favorite CHAR(512),
    f_category CHAR(512),
    is_active CHAR(1),
    created_on TIMESTAMP,
    created_by INTEGER REFERENCES auth_user (id) ON DELETE CASCADE  ,
    modified_on TIMESTAMP,
    modified_by INTEGER REFERENCES auth_user (id) ON DELETE CASCADE  
);
success!
timestamp: 2017-05-20T10:20:42.096975
CREATE TABLE t_videos_archive(
    id INTEGER PRIMARY KEY AUTOINCREMENT,
    f_title CHAR(512),
    f_url CHAR(512),
    f_youtube_url CHAR(512),
    f_length CHAR(512),
    f_display_image_url CHAR(512),
    f_artist CHAR(512),
    f_last_viewed CHAR(512),
    f_active CHAR(512),
    f_times_played CHAR(512),
    f_favorite CHAR(512),
    f_category CHAR(512),
    is_active CHAR(1),
    created_on TIMESTAMP,
    created_by INTEGER REFERENCES auth_user (id) ON DELETE CASCADE  ,
    modified_on TIMESTAMP,
    modified_by INTEGER REFERENCES auth_user (id) ON DELETE CASCADE  ,
    current_record INTEGER REFERENCES t_videos (id) ON DELETE CASCADE  
);
success!
